2025-11-25 12:09:24,084 | SIFRA_CORE | INFO | SIFRA Core initialized successfully.
2025-11-25 12:09:24,100 | SIFRA_CORE | INFO | SIFRA Core initialized successfully.
2025-11-25 12:09:24,105 | SIFRA_CORE | INFO | SIFRA Core initialized successfully.
2025-11-25 12:09:24,108 | SIFRA_CORE | INFO | SIFRA Core initialized successfully.
2025-11-25 12:09:24,112 | SIFRA_CORE | INFO | SIFRA Core initialized successfully.
2025-11-25 12:09:24,114 | SIFRA_CORE | INFO | SIFRA Core initialized successfully.
2025-11-25 12:10:36,634 | SIFRA_CORE | INFO | Running full pipeline for goal: analyze
2025-11-25 12:10:57,254 | SIFRA_CORE | INFO | Running full pipeline for goal: predict
2025-11-25 12:11:20,225 | SIFRA_CORE | INFO | Running full pipeline for goal: forecast
2025-11-25 12:11:38,497 | SIFRA_CORE | INFO | Running full pipeline for goal: anomaly
2025-11-25 12:13:47,567 | SIFRA_CORE | INFO | SIFRA Core initialized successfully.
2025-11-25 12:13:47,567 | SIFRA_CORE | INFO | SIFRA Core initialized successfully.
2025-11-25 12:13:47,567 | SIFRA_CORE | INFO | SIFRA Core initialized successfully.
2025-11-25 12:13:47,579 | SIFRA_CORE | INFO | SIFRA Core initialized successfully.
2025-11-25 12:13:47,583 | SIFRA_CORE | INFO | SIFRA Core initialized successfully.
2025-11-25 12:13:47,584 | SIFRA_CORE | INFO | SIFRA Core initialized successfully.
2025-11-25 12:14:04,627 | SIFRA_CORE | INFO | Running full pipeline for goal: analyze
2025-11-25 12:14:04,631 | SIFRA_CORE | INFO | Intent Vector: [1, 0, 0, 0, 0]
2025-11-25 12:14:04,632 | SIFRA_CORE | INFO | Context Vector: [1.0, 5.0, 1.0, 0.0]
2025-11-25 12:14:04,632 | SIFRA_CORE | INFO | Meaning Vector: [1, 0, 0, 0, 0, 1.0, 5.0, 1.0, 0.0]
2025-11-25 12:14:04,633 | SIFRA_CORE | INFO | Emotion Score: 0.0
2025-11-25 12:14:04,665 | SIFRA_CORE | INFO | Fusion Vector: [nan  0.  0.]
2025-11-25 12:14:04,665 | SIFRA_CORE | INFO | Memory Signature: nan
2025-11-25 12:22:48,892 | SIFRA_CORE | INFO | Running full pipeline for goal: predict
2025-11-25 12:22:48,910 | SIFRA_CORE | INFO | Intent Vector: [0, 1, 0, 0, 0]
2025-11-25 12:22:48,911 | SIFRA_CORE | INFO | Context Vector: [2.0, 4.0, 1.0, 0.0]
2025-11-25 12:22:48,911 | SIFRA_CORE | INFO | Meaning Vector: [0, 1, 0, 0, 0, 2.0, 4.0, 1.0, 0.0]
2025-11-25 12:22:48,911 | SIFRA_CORE | INFO | Emotion Score: 0.0
2025-11-25 12:22:48,913 | SIFRA_CORE | INFO | Fusion Vector: [nan  0.  0.]
2025-11-25 12:22:48,913 | SIFRA_CORE | INFO | Memory Signature: nan
2025-11-25 12:23:18,437 | SIFRA_CORE | INFO | Running full pipeline for goal: forecast
2025-11-25 12:23:18,449 | SIFRA_CORE | INFO | Intent Vector: [0, 0, 1, 0, 0]
2025-11-25 12:23:18,449 | SIFRA_CORE | INFO | Context Vector: [3.0, 4.0, 1.0, 0.0]
2025-11-25 12:23:18,450 | SIFRA_CORE | INFO | Meaning Vector: [0, 0, 1, 0, 0, 3.0, 4.0, 1.0, 0.0]
2025-11-25 12:23:18,450 | SIFRA_CORE | INFO | Emotion Score: 0.0
2025-11-25 12:23:18,451 | SIFRA_CORE | INFO | Fusion Vector: [nan  0.  0.]
2025-11-25 12:23:18,452 | SIFRA_CORE | INFO | Memory Signature: nan
2025-11-25 12:23:35,084 | SIFRA_CORE | INFO | Running full pipeline for goal: anomaly
2025-11-25 12:23:35,094 | SIFRA_CORE | INFO | Intent Vector: [0, 0, 0, 1, 0]
2025-11-25 12:23:35,094 | SIFRA_CORE | INFO | Context Vector: [4.0, 6.0, 1.0, 0.0]
2025-11-25 12:23:35,095 | SIFRA_CORE | INFO | Meaning Vector: [0, 0, 0, 1, 0, 4.0, 6.0, 1.0, 0.0]
2025-11-25 12:23:35,095 | SIFRA_CORE | INFO | Emotion Score: 0.0
2025-11-25 12:23:35,097 | SIFRA_CORE | INFO | Fusion Vector: [nan  0.  0.]
2025-11-25 12:23:35,097 | SIFRA_CORE | INFO | Memory Signature: nan
2025-11-25 12:23:53,755 | SIFRA_CORE | INFO | Running full pipeline for goal: insights
2025-11-25 12:23:53,767 | SIFRA_CORE | INFO | Intent Vector: [0, 0, 0, 0, 1]
2025-11-25 12:23:53,767 | SIFRA_CORE | INFO | Context Vector: [5.0, 5.0, 1.0, 0.0]
2025-11-25 12:23:53,768 | SIFRA_CORE | INFO | Meaning Vector: [0, 0, 0, 0, 1, 5.0, 5.0, 1.0, 0.0]
2025-11-25 12:23:53,769 | SIFRA_CORE | INFO | Emotion Score: 0.0
2025-11-25 12:23:53,770 | SIFRA_CORE | INFO | Fusion Vector: [nan  0.  0.]
2025-11-25 12:23:53,771 | SIFRA_CORE | INFO | Memory Signature: nan
2025-11-25 12:26:57,868 | SIFRA_CORE | INFO | SIFRA Core initialized successfully.
2025-11-25 12:26:57,870 | SIFRA_CORE | INFO | SIFRA Core initialized successfully.
2025-11-25 12:26:57,873 | SIFRA_CORE | INFO | SIFRA Core initialized successfully.
2025-11-25 12:26:57,876 | SIFRA_CORE | INFO | SIFRA Core initialized successfully.
2025-11-25 12:26:57,879 | SIFRA_CORE | INFO | SIFRA Core initialized successfully.
2025-11-25 12:26:57,881 | SIFRA_CORE | INFO | SIFRA Core initialized successfully.
2025-11-25 12:27:00,639 | SIFRA_CORE | INFO | Running full pipeline for goal: analyze
2025-11-25 12:27:00,644 | SIFRA_CORE | INFO | Intent Vector: [1, 0, 0, 0, 0]
2025-11-25 12:27:00,645 | SIFRA_CORE | INFO | Context Vector: [1.0, 5.0, 1.0, 0.0]
2025-11-25 12:27:00,645 | SIFRA_CORE | INFO | Meaning Vector: [1, 0, 0, 0, 0, 1.0, 5.0, 1.0, 0.0]
2025-11-25 12:27:00,645 | SIFRA_CORE | INFO | Emotion Score: 0.0
2025-11-25 12:27:00,654 | SIFRA_CORE | INFO | Fusion Vector: [2. 0. 0.]
2025-11-25 12:27:00,654 | SIFRA_CORE | INFO | Memory Signature: 0.7333333333333332
2025-11-25 14:20:28,782 | SIFRA_CORE | INFO | SIFRA Core initialized successfully.
2025-11-25 14:20:28,785 | SIFRA_CORE | INFO | SIFRA Core initialized successfully.
2025-11-25 14:20:28,793 | SIFRA_CORE | INFO | SIFRA Core initialized successfully.
2025-11-25 14:20:28,797 | SIFRA_CORE | INFO | SIFRA Core initialized successfully.
2025-11-25 14:20:28,805 | SIFRA_CORE | INFO | SIFRA Core initialized successfully.
2025-11-25 14:20:28,809 | SIFRA_CORE | INFO | SIFRA Core initialized successfully.
2025-11-25 17:28:32,077 | SIFRA_CORE | INFO | SIFRA Core initialized successfully.
2025-11-25 17:28:32,077 | SIFRA_CORE | INFO | SIFRA Core initialized successfully.
2025-11-25 17:28:32,092 | SIFRA_CORE | INFO | SIFRA Core initialized successfully.
2025-11-25 17:28:32,095 | SIFRA_CORE | INFO | SIFRA Core initialized successfully.
2025-11-25 17:28:32,098 | SIFRA_CORE | INFO | SIFRA Core initialized successfully.
2025-11-25 17:28:32,101 | SIFRA_CORE | INFO | SIFRA Core initialized successfully.
2025-11-25 17:30:04,210 | SIFRA_CORE | INFO | Running full pipeline for goal: analyze
2025-11-25 17:30:04,225 | SIFRA_CORE | INFO | Intent Vector: [1, 0, 0, 0, 0]
2025-11-25 17:30:04,226 | SIFRA_CORE | INFO | Context Vector: [1.0, 7.0, 1.0, 0.0]
2025-11-25 17:30:04,226 | SIFRA_CORE | INFO | Meaning Vector: [1, 0, 0, 0, 0, 1.0, 7.0, 1.0, 0.0]
2025-11-25 17:30:04,227 | SIFRA_CORE | INFO | Emotion Score: 0.0
2025-11-25 17:30:04,228 | SIFRA_CORE | INFO | Fusion Vector: [5.71428571 0.         0.        ]
2025-11-25 17:30:04,229 | SIFRA_CORE | INFO | Memory Signature: 3.5102040816326525
2025-11-25 17:30:16,888 | SIFRA_CORE | INFO | Running full pipeline for goal: predict
2025-11-25 17:30:16,895 | SIFRA_CORE | INFO | Intent Vector: [0, 1, 0, 0, 0]
2025-11-25 17:30:16,895 | SIFRA_CORE | INFO | Context Vector: [2.0, 7.0, 1.0, 0.0]
2025-11-25 17:30:16,896 | SIFRA_CORE | INFO | Meaning Vector: [0, 1, 0, 0, 0, 2.0, 7.0, 1.0, 0.0]
2025-11-25 17:30:16,896 | SIFRA_CORE | INFO | Emotion Score: 0.0
2025-11-25 17:30:16,897 | SIFRA_CORE | INFO | Fusion Vector: [5.71428571 0.         0.        ]
2025-11-25 17:30:16,898 | SIFRA_CORE | INFO | Memory Signature: 3.5102040816326525
2025-11-25 17:33:19,025 | SIFRA_CORE | INFO | Running full pipeline for goal: forecast
2025-11-25 17:33:19,031 | SIFRA_CORE | INFO | Intent Vector: [0, 0, 1, 0, 0]
2025-11-25 17:33:19,031 | SIFRA_CORE | INFO | Context Vector: [3.0, 7.0, 1.0, 0.0]
2025-11-25 17:33:19,032 | SIFRA_CORE | INFO | Meaning Vector: [0, 0, 1, 0, 0, 3.0, 7.0, 1.0, 0.0]
2025-11-25 17:33:19,032 | SIFRA_CORE | INFO | Emotion Score: 0.0
2025-11-25 17:33:19,034 | SIFRA_CORE | INFO | Fusion Vector: [5.71428571 0.         0.        ]
2025-11-25 17:33:19,034 | SIFRA_CORE | INFO | Memory Signature: 3.5102040816326525
2025-11-25 17:33:36,514 | SIFRA_CORE | INFO | Running full pipeline for goal: anomaly
2025-11-25 17:33:36,528 | SIFRA_CORE | INFO | Intent Vector: [0, 0, 0, 1, 0]
2025-11-25 17:33:36,529 | SIFRA_CORE | INFO | Context Vector: [4.0, 7.0, 1.0, 0.0]
2025-11-25 17:33:36,530 | SIFRA_CORE | INFO | Meaning Vector: [0, 0, 0, 1, 0, 4.0, 7.0, 1.0, 0.0]
2025-11-25 17:33:36,530 | SIFRA_CORE | INFO | Emotion Score: 0.0
2025-11-25 17:33:36,531 | SIFRA_CORE | INFO | Fusion Vector: [80.  0.  0.]
2025-11-25 17:33:36,532 | SIFRA_CORE | INFO | Memory Signature: 445.3333333333335
2025-11-25 17:33:56,351 | SIFRA_CORE | INFO | Running full pipeline for goal: insights
2025-11-25 17:33:56,358 | SIFRA_CORE | INFO | Intent Vector: [0, 0, 0, 0, 1]
2025-11-25 17:33:56,360 | SIFRA_CORE | INFO | Context Vector: [5.0, 5.0, 1.0, 0.0]
2025-11-25 17:33:56,360 | SIFRA_CORE | INFO | Meaning Vector: [0, 0, 0, 0, 1, 5.0, 5.0, 1.0, 0.0]
2025-11-25 17:33:56,361 | SIFRA_CORE | INFO | Emotion Score: 0.0
2025-11-25 17:33:56,361 | SIFRA_CORE | INFO | Fusion Vector: [6.5 0.  0. ]
2025-11-25 17:33:56,362 | SIFRA_CORE | INFO | Memory Signature: 4.333333333333331
